INFO: [VRFC 10-2263] Analyzing Verilog file "C:/Users/jblan/Documents/GitHub/ECELab2/project_2/project_2.srcs/sources_1/imports/Project2.srcs/sources_1/imports/Project2.sources/sources_1/new/ALU.v" into library xil_defaultlib
INFO: [VRFC 10-311] analyzing module ALU
INFO: [VRFC 10-2263] Analyzing Verilog file "C:/Users/jblan/Documents/GitHub/ECELab2/project_2/project_2.srcs/sources_1/imports/Project2.srcs/sources_1/new/ALU_Ctrl.v" into library xil_defaultlib
INFO: [VRFC 10-311] analyzing module ALU_Ctrl
INFO: [VRFC 10-2263] Analyzing Verilog file "C:/Users/jblan/Documents/GitHub/ECELab2/project_2/project_2.srcs/sources_1/imports/Project2.srcs/sources_1/new/CPU.v" into library xil_defaultlib
INFO: [VRFC 10-311] analyzing module CPU
WARNING: [VRFC 10-3380] identifier 'ALU_Result' is used before its declaration [C:/Users/jblan/Documents/GitHub/ECELab2/project_2/project_2.srcs/sources_1/imports/Project2.srcs/sources_1/new/CPU.v:75]
WARNING: [VRFC 10-3380] identifier 'ALU_Result' is used before its declaration [C:/Users/jblan/Documents/GitHub/ECELab2/project_2/project_2.srcs/sources_1/imports/Project2.srcs/sources_1/new/CPU.v:155]
INFO: [VRFC 10-2263] Analyzing Verilog file "C:/Users/jblan/Documents/GitHub/ECELab2/project_2/project_2.srcs/sources_1/imports/Project2.srcs/sources_1/new/Registers.v" into library xil_defaultlib
INFO: [VRFC 10-311] analyzing module Registers
INFO: [VRFC 10-2263] Analyzing Verilog file "C:/Users/jblan/Documents/GitHub/ECELab2/project_2/project_2.srcs/sources_1/imports/Project2.srcs/sources_1/new/Sign_Extend.v" into library xil_defaultlib
INFO: [VRFC 10-311] analyzing module Sign_Extend
INFO: [VRFC 10-2263] Analyzing Verilog file "C:/Users/jblan/Documents/GitHub/ECELab2/project_2/project_2.srcs/sources_1/imports/Project2.srcs/sources_1/new/control.v" into library xil_defaultlib
INFO: [VRFC 10-311] analyzing module control
INFO: [VRFC 10-2263] Analyzing Verilog file "C:/Users/jblan/Documents/GitHub/ECELab2/project_2/project_2.srcs/sources_1/new/forwarding_unit.v" into library xil_defaultlib
INFO: [VRFC 10-311] analyzing module forwarding_unit
INFO: [VRFC 10-2263] Analyzing Verilog file "C:/Users/jblan/Documents/GitHub/ECELab2/project_2/project_2.srcs/sources_1/new/hazard_detection.v" into library xil_defaultlib
INFO: [VRFC 10-311] analyzing module hazard_detection
INFO: [VRFC 10-2263] Analyzing Verilog file "C:/Users/jblan/Documents/GitHub/ECELab2/project_2/project_2.srcs/sources_1/imports/Project2.srcs/sim_1/new/TB_CPU.v" into library xil_defaultlib
INFO: [VRFC 10-311] analyzing module TB_CPU
