#-----------------------------------------------------------
# Vivado v2021.1 (64-bit)
# SW Build 3247384 on Thu Jun 10 19:36:33 MDT 2021
# IP Build 3246043 on Fri Jun 11 00:30:35 MDT 2021
# Start of session at: Tue Apr  5 12:34:11 2022
# Process ID: 17960
# Current directory: C:/Users/jblan/Documents/GitHub/ECELab2/project_2
# Command line: vivado.exe -gui_launcher_event rodinguilauncherevent9708 C:\Users\jblan\Documents\GitHub\ECELab2\project_2\project_2.xpr
# Log file: C:/Users/jblan/Documents/GitHub/ECELab2/project_2/vivado.log
# Journal file: C:/Users/jblan/Documents/GitHub/ECELab2/project_2\vivado.jou
#-----------------------------------------------------------
Sourcing tcl script 'C:/Users/jblan/AppData/Roaming/Xilinx/Vivado/Vivado_init.tcl'
start_gui
open_project C:/Users/jblan/Documents/GitHub/ECELab2/project_2/project_2.xpr
WARNING: [filemgmt 56-3] Default IP Output Path : Could not find the directory 'C:/Users/jblan/Documents/GitHub/ECELab2/project_2/project_2.gen/sources_1'.
Scanning sources...
Finished scanning sources
INFO: [IP_Flow 19-234] Refreshing IP repositories
INFO: [IP_Flow 19-1704] No user IP repositories specified
INFO: [IP_Flow 19-2313] Loaded Vivado IP repository 'C:/Xilinx/Vivado/2021.1/data/ip'.
open_project: Time (s): cpu = 00:00:09 ; elapsed = 00:00:06 . Memory (MB): peak = 1136.891 ; gain = 0.000
update_compile_order -fileset sources_1
close [ open C:/Users/jblan/Documents/GitHub/ECELab2/project_2/project_2.srcs/sources_1/new/forwarding_unit.v w ]
add_files C:/Users/jblan/Documents/GitHub/ECELab2/project_2/project_2.srcs/sources_1/new/forwarding_unit.v
update_compile_order -fileset sources_1
update_compile_order -fileset sources_1
update_compile_order -fileset sources_1
exit
INFO: [Common 17-206] Exiting Vivado at Tue Apr  5 13:21:39 2022...
